2018-05-28 13:37:50 [::1][-][ns01fhc7cn2v5hjfo8500hcnn0][error][yii\base\ErrorException:2] yii\base\ErrorException: Use of undefined constant index - assumed 'index' (this will throw an Error in a future version of PHP) in C:\xampp\htdocs\Yii1_homework\Homework1\controllers\TaskController.php:14
Stack trace:
#0 C:\xampp\htdocs\Yii1_homework\Homework1\controllers\TaskController.php(14): yii\base\ErrorHandler->handleError(2, 'Use of undefine...', 'C:\\xampp\\htdocs...', 14, Array)
#1 [internal function]: app\controllers\TaskController->actionIndex()
#2 C:\xampp\htdocs\Yii1_homework\Homework1\vendor\yiisoft\yii2\base\InlineAction.php(57): call_user_func_array(Array, Array)
#3 C:\xampp\htdocs\Yii1_homework\Homework1\vendor\yiisoft\yii2\base\Controller.php(157): yii\base\InlineAction->runWithParams(Array)
#4 C:\xampp\htdocs\Yii1_homework\Homework1\vendor\yiisoft\yii2\base\Module.php(528): yii\base\Controller->runAction('index', Array)
#5 C:\xampp\htdocs\Yii1_homework\Homework1\vendor\yiisoft\yii2\web\Application.php(103): yii\base\Module->runAction('task/index', Array)
#6 C:\xampp\htdocs\Yii1_homework\Homework1\vendor\yiisoft\yii2\base\Application.php(386): yii\web\Application->handleRequest(Object(yii\web\Request))
#7 C:\xampp\htdocs\Yii1_homework\Homework1\web\index.php(12): yii\base\Application->run()
#8 {main}
2018-05-28 13:37:50 [::1][-][ns01fhc7cn2v5hjfo8500hcnn0][info][application] $_GET = [
    'r' => 'task/index'
]

$_POST = []

$_FILES = []

$_COOKIE = [
    'PHPSESSID' => 'ns01fhc7cn2v5hjfo8500hcnn0'
    'security_level' => '0'
    '_csrf' => '9bd848dd5637befeea9d4edc7bc5b57051b5781ad53afd1b7d3dbba6b86a92d0a:2:{i:0;s:5:\"_csrf\";i:1;s:32:\"YHoQV56QUKZNFVtXSXgpGciyos9Y-M5Y\";}'
]

$_SESSION = [
    'cart' => [
        2 => 203
        3 => '15'
    ]
    '__flash' => []
]

$_SERVER = [
    'MIBDIRS' => 'C:/xampp/php/extras/mibs'
    'MYSQL_HOME' => '\\xampp\\mysql\\bin'
    'OPENSSL_CONF' => 'C:/xampp/apache/bin/openssl.cnf'
    'PHP_PEAR_SYSCONF_DIR' => '\\xampp\\php'
    'PHPRC' => '\\xampp\\php'
    'TMP' => '\\xampp\\tmp'
    'HTTP_HOST' => 'localhost'
    'HTTP_CONNECTION' => 'keep-alive'
    'HTTP_CACHE_CONTROL' => 'max-age=0'
    'HTTP_UPGRADE_INSECURE_REQUESTS' => '1'
    'HTTP_USER_AGENT' => 'Mozilla/5.0 (Windows NT 10.0; Win64; x64) AppleWebKit/537.36 (KHTML, like Gecko) Chrome/66.0.3359.181 Safari/537.36'
    'HTTP_ACCEPT' => 'text/html,application/xhtml+xml,application/xml;q=0.9,image/webp,image/apng,*/*;q=0.8'
    'HTTP_ACCEPT_ENCODING' => 'gzip, deflate, br'
    'HTTP_ACCEPT_LANGUAGE' => 'ru-RU,ru;q=0.9,en-US;q=0.8,en;q=0.7'
    'HTTP_COOKIE' => 'PHPSESSID=ns01fhc7cn2v5hjfo8500hcnn0; security_level=0; _csrf=9bd848dd5637befeea9d4edc7bc5b57051b5781ad53afd1b7d3dbba6b86a92d0a%3A2%3A%7Bi%3A0%3Bs%3A5%3A%22_csrf%22%3Bi%3A1%3Bs%3A32%3A%22YHoQV56QUKZNFVtXSXgpGciyos9Y-M5Y%22%3B%7D'
    'HTTP_X_COMPRESS' => 'null'
    'PATH' => 'C:\\ProgramData\\Oracle\\Java\\javapath;C:\\Program Files\\Microsoft MPI\\Bin\\;C:\\Program Files (x86)\\Intel\\iCLS Client\\;C:\\Program Files\\Intel\\iCLS Client\\;C:\\Windows\\system32;C:\\Windows;C:\\Windows\\System32\\Wbem;C:\\Windows\\System32\\WindowsPowerShell\\v1.0\\;C:\\Program Files (x86)\\NVIDIA Corporation\\PhysX\\Common;C:\\Program Files (x86)\\Intel\\Intel(R) Management Engine Components\\DAL;C:\\Program Files\\Intel\\Intel(R) Management Engine Components\\DAL;C:\\Program Files (x86)\\Intel\\Intel(R) Management Engine Components\\IPT;C:\\Program Files\\Intel\\Intel(R) Management Engine Components\\IPT;C:\\Program Files\\Microsoft SQL Server\\130\\Tools\\Binn\\;C:\\Program Files\\dotnet\\;C:\\Program Files\\Git\\cmd;C:\\Program Files (x86)\\GtkSharp\\2.12\\bin;C:\\WINDOWS\\system32;C:\\WINDOWS;C:\\WINDOWS\\System32\\Wbem;C:\\WINDOWS\\System32\\WindowsPowerShell\\v1.0\\;C:\\Program Files (x86)\\Brackets\\command;C:\\Program Files\\Java\\jdk-9.0.4\\bin;C:\\Program Files\\nodejs\\;C:\\Program Files (x86)\\MySQL\\MySQL Utilities 1.6\\;C:\\Program Files (x86)\\Skype\\Phone\\;C:\\xampp\\php;C:\\ProgramData\\ComposerSetup\\bin;C:\\WINDOWS\\System32\\OpenSSH\\;C:\\Users\\Lex\\AppData\\Local\\Microsoft\\WindowsApps;C:\\Program Files\\Java\\jdk-9.0.4\\bin;C:\\Program Files\\Java\\jre-9.0.4\\bin;C:\\Program Files\\nodejs\\node_modules\\npm;C:\\Users\\Lex\\AppData\\Roaming\\Composer\\vendor\\bin;C:\\ProgramData\\ComposerSetup\\bin;C:\\Program Files\\MongoDB\\Server\\3.6\\bin;'
    'SystemRoot' => 'C:\\WINDOWS'
    'COMSPEC' => 'C:\\WINDOWS\\system32\\cmd.exe'
    'PATHEXT' => '.COM;.EXE;.BAT;.CMD;.VBS;.VBE;.JS;.JSE;.WSF;.WSH;.MSC'
    'WINDIR' => 'C:\\WINDOWS'
    'SERVER_SIGNATURE' => '<address>Apache/2.4.29 (Win32) OpenSSL/1.1.0g PHP/7.2.3 Server at localhost Port 80</address>
'
    'SERVER_SOFTWARE' => 'Apache/2.4.29 (Win32) OpenSSL/1.1.0g PHP/7.2.3'
    'SERVER_NAME' => 'localhost'
    'SERVER_ADDR' => '::1'
    'SERVER_PORT' => '80'
    'REMOTE_ADDR' => '::1'
    'DOCUMENT_ROOT' => 'C:/xampp/htdocs'
    'REQUEST_SCHEME' => 'http'
    'CONTEXT_PREFIX' => ''
    'CONTEXT_DOCUMENT_ROOT' => 'C:/xampp/htdocs'
    'SERVER_ADMIN' => 'postmaster@localhost'
    'SCRIPT_FILENAME' => 'C:/xampp/htdocs/Yii1_homework/Homework1/web/index.php'
    'REMOTE_PORT' => '46781'
    'GATEWAY_INTERFACE' => 'CGI/1.1'
    'SERVER_PROTOCOL' => 'HTTP/1.1'
    'REQUEST_METHOD' => 'GET'
    'QUERY_STRING' => 'r=task/index'
    'REQUEST_URI' => '/Yii1_homework/Homework1/web/index.php?r=task/index'
    'SCRIPT_NAME' => '/Yii1_homework/Homework1/web/index.php'
    'PHP_SELF' => '/Yii1_homework/Homework1/web/index.php'
    'REQUEST_TIME_FLOAT' => 1527507470.096
    'REQUEST_TIME' => 1527507470
]
2018-05-28 13:38:04 [::1][-][ns01fhc7cn2v5hjfo8500hcnn0][error][yii\base\ErrorException:2] yii\base\ErrorException: Use of undefined constant index - assumed 'index' (this will throw an Error in a future version of PHP) in C:\xampp\htdocs\Yii1_homework\Homework1\controllers\TaskController.php:14
Stack trace:
#0 C:\xampp\htdocs\Yii1_homework\Homework1\controllers\TaskController.php(14): yii\base\ErrorHandler->handleError(2, 'Use of undefine...', 'C:\\xampp\\htdocs...', 14, Array)
#1 [internal function]: app\controllers\TaskController->actionIndex()
#2 C:\xampp\htdocs\Yii1_homework\Homework1\vendor\yiisoft\yii2\base\InlineAction.php(57): call_user_func_array(Array, Array)
#3 C:\xampp\htdocs\Yii1_homework\Homework1\vendor\yiisoft\yii2\base\Controller.php(157): yii\base\InlineAction->runWithParams(Array)
#4 C:\xampp\htdocs\Yii1_homework\Homework1\vendor\yiisoft\yii2\base\Module.php(528): yii\base\Controller->runAction('index', Array)
#5 C:\xampp\htdocs\Yii1_homework\Homework1\vendor\yiisoft\yii2\web\Application.php(103): yii\base\Module->runAction('task/index', Array)
#6 C:\xampp\htdocs\Yii1_homework\Homework1\vendor\yiisoft\yii2\base\Application.php(386): yii\web\Application->handleRequest(Object(yii\web\Request))
#7 C:\xampp\htdocs\Yii1_homework\Homework1\web\index.php(12): yii\base\Application->run()
#8 {main}
2018-05-28 13:38:04 [::1][-][ns01fhc7cn2v5hjfo8500hcnn0][info][application] $_GET = [
    'r' => 'task/index'
]

$_POST = []

$_FILES = []

$_COOKIE = [
    'PHPSESSID' => 'ns01fhc7cn2v5hjfo8500hcnn0'
    'security_level' => '0'
    '_csrf' => '9bd848dd5637befeea9d4edc7bc5b57051b5781ad53afd1b7d3dbba6b86a92d0a:2:{i:0;s:5:\"_csrf\";i:1;s:32:\"YHoQV56QUKZNFVtXSXgpGciyos9Y-M5Y\";}'
]

$_SESSION = [
    'cart' => [
        2 => 203
        3 => '15'
    ]
    '__flash' => []
]

$_SERVER = [
    'MIBDIRS' => 'C:/xampp/php/extras/mibs'
    'MYSQL_HOME' => '\\xampp\\mysql\\bin'
    'OPENSSL_CONF' => 'C:/xampp/apache/bin/openssl.cnf'
    'PHP_PEAR_SYSCONF_DIR' => '\\xampp\\php'
    'PHPRC' => '\\xampp\\php'
    'TMP' => '\\xampp\\tmp'
    'HTTP_HOST' => 'localhost'
    'HTTP_CONNECTION' => 'keep-alive'
    'HTTP_CACHE_CONTROL' => 'max-age=0'
    'HTTP_UPGRADE_INSECURE_REQUESTS' => '1'
    'HTTP_USER_AGENT' => 'Mozilla/5.0 (Windows NT 10.0; Win64; x64) AppleWebKit/537.36 (KHTML, like Gecko) Chrome/66.0.3359.181 Safari/537.36'
    'HTTP_ACCEPT' => 'text/html,application/xhtml+xml,application/xml;q=0.9,image/webp,image/apng,*/*;q=0.8'
    'HTTP_ACCEPT_ENCODING' => 'gzip, deflate, br'
    'HTTP_ACCEPT_LANGUAGE' => 'ru-RU,ru;q=0.9,en-US;q=0.8,en;q=0.7'
    'HTTP_COOKIE' => 'PHPSESSID=ns01fhc7cn2v5hjfo8500hcnn0; security_level=0; _csrf=9bd848dd5637befeea9d4edc7bc5b57051b5781ad53afd1b7d3dbba6b86a92d0a%3A2%3A%7Bi%3A0%3Bs%3A5%3A%22_csrf%22%3Bi%3A1%3Bs%3A32%3A%22YHoQV56QUKZNFVtXSXgpGciyos9Y-M5Y%22%3B%7D'
    'HTTP_X_COMPRESS' => 'null'
    'PATH' => 'C:\\ProgramData\\Oracle\\Java\\javapath;C:\\Program Files\\Microsoft MPI\\Bin\\;C:\\Program Files (x86)\\Intel\\iCLS Client\\;C:\\Program Files\\Intel\\iCLS Client\\;C:\\Windows\\system32;C:\\Windows;C:\\Windows\\System32\\Wbem;C:\\Windows\\System32\\WindowsPowerShell\\v1.0\\;C:\\Program Files (x86)\\NVIDIA Corporation\\PhysX\\Common;C:\\Program Files (x86)\\Intel\\Intel(R) Management Engine Components\\DAL;C:\\Program Files\\Intel\\Intel(R) Management Engine Components\\DAL;C:\\Program Files (x86)\\Intel\\Intel(R) Management Engine Components\\IPT;C:\\Program Files\\Intel\\Intel(R) Management Engine Components\\IPT;C:\\Program Files\\Microsoft SQL Server\\130\\Tools\\Binn\\;C:\\Program Files\\dotnet\\;C:\\Program Files\\Git\\cmd;C:\\Program Files (x86)\\GtkSharp\\2.12\\bin;C:\\WINDOWS\\system32;C:\\WINDOWS;C:\\WINDOWS\\System32\\Wbem;C:\\WINDOWS\\System32\\WindowsPowerShell\\v1.0\\;C:\\Program Files (x86)\\Brackets\\command;C:\\Program Files\\Java\\jdk-9.0.4\\bin;C:\\Program Files\\nodejs\\;C:\\Program Files (x86)\\MySQL\\MySQL Utilities 1.6\\;C:\\Program Files (x86)\\Skype\\Phone\\;C:\\xampp\\php;C:\\ProgramData\\ComposerSetup\\bin;C:\\WINDOWS\\System32\\OpenSSH\\;C:\\Users\\Lex\\AppData\\Local\\Microsoft\\WindowsApps;C:\\Program Files\\Java\\jdk-9.0.4\\bin;C:\\Program Files\\Java\\jre-9.0.4\\bin;C:\\Program Files\\nodejs\\node_modules\\npm;C:\\Users\\Lex\\AppData\\Roaming\\Composer\\vendor\\bin;C:\\ProgramData\\ComposerSetup\\bin;C:\\Program Files\\MongoDB\\Server\\3.6\\bin;'
    'SystemRoot' => 'C:\\WINDOWS'
    'COMSPEC' => 'C:\\WINDOWS\\system32\\cmd.exe'
    'PATHEXT' => '.COM;.EXE;.BAT;.CMD;.VBS;.VBE;.JS;.JSE;.WSF;.WSH;.MSC'
    'WINDIR' => 'C:\\WINDOWS'
    'SERVER_SIGNATURE' => '<address>Apache/2.4.29 (Win32) OpenSSL/1.1.0g PHP/7.2.3 Server at localhost Port 80</address>
'
    'SERVER_SOFTWARE' => 'Apache/2.4.29 (Win32) OpenSSL/1.1.0g PHP/7.2.3'
    'SERVER_NAME' => 'localhost'
    'SERVER_ADDR' => '::1'
    'SERVER_PORT' => '80'
    'REMOTE_ADDR' => '::1'
    'DOCUMENT_ROOT' => 'C:/xampp/htdocs'
    'REQUEST_SCHEME' => 'http'
    'CONTEXT_PREFIX' => ''
    'CONTEXT_DOCUMENT_ROOT' => 'C:/xampp/htdocs'
    'SERVER_ADMIN' => 'postmaster@localhost'
    'SCRIPT_FILENAME' => 'C:/xampp/htdocs/Yii1_homework/Homework1/web/index.php'
    'REMOTE_PORT' => '46811'
    'GATEWAY_INTERFACE' => 'CGI/1.1'
    'SERVER_PROTOCOL' => 'HTTP/1.1'
    'REQUEST_METHOD' => 'GET'
    'QUERY_STRING' => 'r=task/index'
    'REQUEST_URI' => '/Yii1_homework/Homework1/web/index.php?r=task/index'
    'SCRIPT_NAME' => '/Yii1_homework/Homework1/web/index.php'
    'PHP_SELF' => '/Yii1_homework/Homework1/web/index.php'
    'REQUEST_TIME_FLOAT' => 1527507484.561
    'REQUEST_TIME' => 1527507484
]
2018-05-28 15:48:12 [::1][-][ns01fhc7cn2v5hjfo8500hcnn0][error][yii\base\UnknownPropertyException] yii\base\UnknownPropertyException: Setting unknown property: yii\validators\DateValidator::0 in C:\xampp\htdocs\Yii1_homework\Homework1\vendor\yiisoft\yii2\base\Component.php:209
Stack trace:
#0 C:\xampp\htdocs\Yii1_homework\Homework1\vendor\yiisoft\yii2\BaseYii.php(546): yii\base\Component->__set('0', Array)
#1 C:\xampp\htdocs\Yii1_homework\Homework1\vendor\yiisoft\yii2\base\BaseObject.php(107): yii\BaseYii::configure(Object(yii\validators\DateValidator), Array)
#2 [internal function]: yii\base\BaseObject->__construct(Array)
#3 C:\xampp\htdocs\Yii1_homework\Homework1\vendor\yiisoft\yii2\di\Container.php(383): ReflectionClass->newInstanceArgs(Array)
#4 C:\xampp\htdocs\Yii1_homework\Homework1\vendor\yiisoft\yii2\di\Container.php(156): yii\di\Container->build('yii\\validators\\...', Array, Array)
#5 C:\xampp\htdocs\Yii1_homework\Homework1\vendor\yiisoft\yii2\BaseYii.php(349): yii\di\Container->get('yii\\validators\\...', Array, Array)
#6 C:\xampp\htdocs\Yii1_homework\Homework1\vendor\yiisoft\yii2\validators\Validator.php(226): yii\BaseYii::createObject(Array)
#7 C:\xampp\htdocs\Yii1_homework\Homework1\vendor\yiisoft\yii2\base\Model.php(458): yii\validators\Validator::createValidator('yii\\validators\\...', Object(app\models\Task), Array, Array)
#8 C:\xampp\htdocs\Yii1_homework\Homework1\vendor\yiisoft\yii2\base\Model.php(420): yii\base\Model->createValidators()
#9 C:\xampp\htdocs\Yii1_homework\Homework1\vendor\yiisoft\yii2\base\Model.php(189): yii\base\Model->getValidators()
#10 C:\xampp\htdocs\Yii1_homework\Homework1\vendor\yiisoft\yii2\base\Model.php(354): yii\base\Model->scenarios()
#11 C:\xampp\htdocs\Yii1_homework\Homework1\controllers\TaskController.php(21): yii\base\Model->validate()
#12 [internal function]: app\controllers\TaskController->actionIndex()
#13 C:\xampp\htdocs\Yii1_homework\Homework1\vendor\yiisoft\yii2\base\InlineAction.php(57): call_user_func_array(Array, Array)
#14 C:\xampp\htdocs\Yii1_homework\Homework1\vendor\yiisoft\yii2\base\Controller.php(157): yii\base\InlineAction->runWithParams(Array)
#15 C:\xampp\htdocs\Yii1_homework\Homework1\vendor\yiisoft\yii2\base\Module.php(528): yii\base\Controller->runAction('index', Array)
#16 C:\xampp\htdocs\Yii1_homework\Homework1\vendor\yiisoft\yii2\web\Application.php(103): yii\base\Module->runAction('task/index', Array)
#17 C:\xampp\htdocs\Yii1_homework\Homework1\vendor\yiisoft\yii2\base\Application.php(386): yii\web\Application->handleRequest(Object(yii\web\Request))
#18 C:\xampp\htdocs\Yii1_homework\Homework1\web\index.php(12): yii\base\Application->run()
#19 {main}
2018-05-28 15:48:12 [::1][-][ns01fhc7cn2v5hjfo8500hcnn0][info][application] $_GET = [
    'r' => 'task/index'
]

$_POST = []

$_FILES = []

$_COOKIE = [
    'PHPSESSID' => 'ns01fhc7cn2v5hjfo8500hcnn0'
    'security_level' => '0'
    '_csrf' => '9bd848dd5637befeea9d4edc7bc5b57051b5781ad53afd1b7d3dbba6b86a92d0a:2:{i:0;s:5:\"_csrf\";i:1;s:32:\"YHoQV56QUKZNFVtXSXgpGciyos9Y-M5Y\";}'
]

$_SESSION = [
    'cart' => [
        2 => 203
        3 => '15'
    ]
    '__flash' => []
]

$_SERVER = [
    'MIBDIRS' => 'C:/xampp/php/extras/mibs'
    'MYSQL_HOME' => '\\xampp\\mysql\\bin'
    'OPENSSL_CONF' => 'C:/xampp/apache/bin/openssl.cnf'
    'PHP_PEAR_SYSCONF_DIR' => '\\xampp\\php'
    'PHPRC' => '\\xampp\\php'
    'TMP' => '\\xampp\\tmp'
    'HTTP_HOST' => 'localhost'
    'HTTP_CONNECTION' => 'keep-alive'
    'HTTP_CACHE_CONTROL' => 'max-age=0'
    'HTTP_UPGRADE_INSECURE_REQUESTS' => '1'
    'HTTP_USER_AGENT' => 'Mozilla/5.0 (Windows NT 10.0; Win64; x64) AppleWebKit/537.36 (KHTML, like Gecko) Chrome/66.0.3359.181 Safari/537.36'
    'HTTP_ACCEPT' => 'text/html,application/xhtml+xml,application/xml;q=0.9,image/webp,image/apng,*/*;q=0.8'
    'HTTP_ACCEPT_ENCODING' => 'gzip, deflate, br'
    'HTTP_ACCEPT_LANGUAGE' => 'ru-RU,ru;q=0.9,en-US;q=0.8,en;q=0.7'
    'HTTP_COOKIE' => 'PHPSESSID=ns01fhc7cn2v5hjfo8500hcnn0; security_level=0; _csrf=9bd848dd5637befeea9d4edc7bc5b57051b5781ad53afd1b7d3dbba6b86a92d0a%3A2%3A%7Bi%3A0%3Bs%3A5%3A%22_csrf%22%3Bi%3A1%3Bs%3A32%3A%22YHoQV56QUKZNFVtXSXgpGciyos9Y-M5Y%22%3B%7D'
    'HTTP_X_COMPRESS' => 'null'
    'PATH' => 'C:\\ProgramData\\Oracle\\Java\\javapath;C:\\Program Files\\Microsoft MPI\\Bin\\;C:\\Program Files (x86)\\Intel\\iCLS Client\\;C:\\Program Files\\Intel\\iCLS Client\\;C:\\Windows\\system32;C:\\Windows;C:\\Windows\\System32\\Wbem;C:\\Windows\\System32\\WindowsPowerShell\\v1.0\\;C:\\Program Files (x86)\\NVIDIA Corporation\\PhysX\\Common;C:\\Program Files (x86)\\Intel\\Intel(R) Management Engine Components\\DAL;C:\\Program Files\\Intel\\Intel(R) Management Engine Components\\DAL;C:\\Program Files (x86)\\Intel\\Intel(R) Management Engine Components\\IPT;C:\\Program Files\\Intel\\Intel(R) Management Engine Components\\IPT;C:\\Program Files\\Microsoft SQL Server\\130\\Tools\\Binn\\;C:\\Program Files\\dotnet\\;C:\\Program Files\\Git\\cmd;C:\\Program Files (x86)\\GtkSharp\\2.12\\bin;C:\\WINDOWS\\system32;C:\\WINDOWS;C:\\WINDOWS\\System32\\Wbem;C:\\WINDOWS\\System32\\WindowsPowerShell\\v1.0\\;C:\\Program Files (x86)\\Brackets\\command;C:\\Program Files\\Java\\jdk-9.0.4\\bin;C:\\Program Files\\nodejs\\;C:\\Program Files (x86)\\MySQL\\MySQL Utilities 1.6\\;C:\\Program Files (x86)\\Skype\\Phone\\;C:\\xampp\\php;C:\\ProgramData\\ComposerSetup\\bin;C:\\WINDOWS\\System32\\OpenSSH\\;C:\\Users\\Lex\\AppData\\Local\\Microsoft\\WindowsApps;C:\\Program Files\\Java\\jdk-9.0.4\\bin;C:\\Program Files\\Java\\jre-9.0.4\\bin;C:\\Program Files\\nodejs\\node_modules\\npm;C:\\Users\\Lex\\AppData\\Roaming\\Composer\\vendor\\bin;C:\\ProgramData\\ComposerSetup\\bin;C:\\Program Files\\MongoDB\\Server\\3.6\\bin;'
    'SystemRoot' => 'C:\\WINDOWS'
    'COMSPEC' => 'C:\\WINDOWS\\system32\\cmd.exe'
    'PATHEXT' => '.COM;.EXE;.BAT;.CMD;.VBS;.VBE;.JS;.JSE;.WSF;.WSH;.MSC'
    'WINDIR' => 'C:\\WINDOWS'
    'SERVER_SIGNATURE' => '<address>Apache/2.4.29 (Win32) OpenSSL/1.1.0g PHP/7.2.3 Server at localhost Port 80</address>
'
    'SERVER_SOFTWARE' => 'Apache/2.4.29 (Win32) OpenSSL/1.1.0g PHP/7.2.3'
    'SERVER_NAME' => 'localhost'
    'SERVER_ADDR' => '::1'
    'SERVER_PORT' => '80'
    'REMOTE_ADDR' => '::1'
    'DOCUMENT_ROOT' => 'C:/xampp/htdocs'
    'REQUEST_SCHEME' => 'http'
    'CONTEXT_PREFIX' => ''
    'CONTEXT_DOCUMENT_ROOT' => 'C:/xampp/htdocs'
    'SERVER_ADMIN' => 'postmaster@localhost'
    'SCRIPT_FILENAME' => 'C:/xampp/htdocs/Yii1_homework/Homework1/web/index.php'
    'REMOTE_PORT' => '56264'
    'GATEWAY_INTERFACE' => 'CGI/1.1'
    'SERVER_PROTOCOL' => 'HTTP/1.1'
    'REQUEST_METHOD' => 'GET'
    'QUERY_STRING' => 'r=task/index'
    'REQUEST_URI' => '/Yii1_homework/Homework1/web/index.php?r=task/index'
    'SCRIPT_NAME' => '/Yii1_homework/Homework1/web/index.php'
    'PHP_SELF' => '/Yii1_homework/Homework1/web/index.php'
    'REQUEST_TIME_FLOAT' => 1527515292.124
    'REQUEST_TIME' => 1527515292
]
2018-05-28 15:58:55 [::1][-][ns01fhc7cn2v5hjfo8500hcnn0][error][yii\base\ErrorException:8] yii\base\ErrorException: Undefined variable: checker in C:\xampp\htdocs\Yii1_homework\Homework1\views\task\index.php:4
Stack trace:
#0 C:\xampp\htdocs\Yii1_homework\Homework1\views\task\index.php(4): yii\base\ErrorHandler->handleError(8, 'Undefined varia...', 'C:\\xampp\\htdocs...', 4, Array)
#1 C:\xampp\htdocs\Yii1_homework\Homework1\vendor\yiisoft\yii2\base\View.php(336): require('C:\\xampp\\htdocs...')
#2 C:\xampp\htdocs\Yii1_homework\Homework1\vendor\yiisoft\yii2\base\View.php(254): yii\base\View->renderPhpFile('C:\\xampp\\htdocs...', Array)
#3 C:\xampp\htdocs\Yii1_homework\Homework1\vendor\yiisoft\yii2\base\View.php(156): yii\base\View->renderFile('C:\\xampp\\htdocs...', Array, Object(app\controllers\TaskController))
#4 C:\xampp\htdocs\Yii1_homework\Homework1\vendor\yiisoft\yii2\base\Controller.php(384): yii\base\View->render('index', Array, Object(app\controllers\TaskController))
#5 C:\xampp\htdocs\Yii1_homework\Homework1\controllers\TaskController.php(32): yii\base\Controller->render('index', Array)
#6 [internal function]: app\controllers\TaskController->actionIndex()
#7 C:\xampp\htdocs\Yii1_homework\Homework1\vendor\yiisoft\yii2\base\InlineAction.php(57): call_user_func_array(Array, Array)
#8 C:\xampp\htdocs\Yii1_homework\Homework1\vendor\yiisoft\yii2\base\Controller.php(157): yii\base\InlineAction->runWithParams(Array)
#9 C:\xampp\htdocs\Yii1_homework\Homework1\vendor\yiisoft\yii2\base\Module.php(528): yii\base\Controller->runAction('index', Array)
#10 C:\xampp\htdocs\Yii1_homework\Homework1\vendor\yiisoft\yii2\web\Application.php(103): yii\base\Module->runAction('task/index', Array)
#11 C:\xampp\htdocs\Yii1_homework\Homework1\vendor\yiisoft\yii2\base\Application.php(386): yii\web\Application->handleRequest(Object(yii\web\Request))
#12 C:\xampp\htdocs\Yii1_homework\Homework1\web\index.php(12): yii\base\Application->run()
#13 {main}
2018-05-28 15:58:55 [::1][-][ns01fhc7cn2v5hjfo8500hcnn0][info][application] $_GET = [
    'r' => 'task/index'
]

$_POST = []

$_FILES = []

$_COOKIE = [
    'PHPSESSID' => 'ns01fhc7cn2v5hjfo8500hcnn0'
    'security_level' => '0'
    '_csrf' => '9bd848dd5637befeea9d4edc7bc5b57051b5781ad53afd1b7d3dbba6b86a92d0a:2:{i:0;s:5:\"_csrf\";i:1;s:32:\"YHoQV56QUKZNFVtXSXgpGciyos9Y-M5Y\";}'
]

$_SESSION = [
    'cart' => [
        2 => 203
        3 => '15'
    ]
    '__flash' => []
]

$_SERVER = [
    'MIBDIRS' => 'C:/xampp/php/extras/mibs'
    'MYSQL_HOME' => '\\xampp\\mysql\\bin'
    'OPENSSL_CONF' => 'C:/xampp/apache/bin/openssl.cnf'
    'PHP_PEAR_SYSCONF_DIR' => '\\xampp\\php'
    'PHPRC' => '\\xampp\\php'
    'TMP' => '\\xampp\\tmp'
    'HTTP_HOST' => 'localhost'
    'HTTP_CONNECTION' => 'keep-alive'
    'HTTP_CACHE_CONTROL' => 'max-age=0'
    'HTTP_UPGRADE_INSECURE_REQUESTS' => '1'
    'HTTP_USER_AGENT' => 'Mozilla/5.0 (Windows NT 10.0; Win64; x64) AppleWebKit/537.36 (KHTML, like Gecko) Chrome/66.0.3359.181 Safari/537.36'
    'HTTP_ACCEPT' => 'text/html,application/xhtml+xml,application/xml;q=0.9,image/webp,image/apng,*/*;q=0.8'
    'HTTP_ACCEPT_ENCODING' => 'gzip, deflate, br'
    'HTTP_ACCEPT_LANGUAGE' => 'ru-RU,ru;q=0.9,en-US;q=0.8,en;q=0.7'
    'HTTP_COOKIE' => 'PHPSESSID=ns01fhc7cn2v5hjfo8500hcnn0; security_level=0; _csrf=9bd848dd5637befeea9d4edc7bc5b57051b5781ad53afd1b7d3dbba6b86a92d0a%3A2%3A%7Bi%3A0%3Bs%3A5%3A%22_csrf%22%3Bi%3A1%3Bs%3A32%3A%22YHoQV56QUKZNFVtXSXgpGciyos9Y-M5Y%22%3B%7D'
    'HTTP_X_COMPRESS' => 'null'
    'PATH' => 'C:\\ProgramData\\Oracle\\Java\\javapath;C:\\Program Files\\Microsoft MPI\\Bin\\;C:\\Program Files (x86)\\Intel\\iCLS Client\\;C:\\Program Files\\Intel\\iCLS Client\\;C:\\Windows\\system32;C:\\Windows;C:\\Windows\\System32\\Wbem;C:\\Windows\\System32\\WindowsPowerShell\\v1.0\\;C:\\Program Files (x86)\\NVIDIA Corporation\\PhysX\\Common;C:\\Program Files (x86)\\Intel\\Intel(R) Management Engine Components\\DAL;C:\\Program Files\\Intel\\Intel(R) Management Engine Components\\DAL;C:\\Program Files (x86)\\Intel\\Intel(R) Management Engine Components\\IPT;C:\\Program Files\\Intel\\Intel(R) Management Engine Components\\IPT;C:\\Program Files\\Microsoft SQL Server\\130\\Tools\\Binn\\;C:\\Program Files\\dotnet\\;C:\\Program Files\\Git\\cmd;C:\\Program Files (x86)\\GtkSharp\\2.12\\bin;C:\\WINDOWS\\system32;C:\\WINDOWS;C:\\WINDOWS\\System32\\Wbem;C:\\WINDOWS\\System32\\WindowsPowerShell\\v1.0\\;C:\\Program Files (x86)\\Brackets\\command;C:\\Program Files\\Java\\jdk-9.0.4\\bin;C:\\Program Files\\nodejs\\;C:\\Program Files (x86)\\MySQL\\MySQL Utilities 1.6\\;C:\\Program Files (x86)\\Skype\\Phone\\;C:\\xampp\\php;C:\\ProgramData\\ComposerSetup\\bin;C:\\WINDOWS\\System32\\OpenSSH\\;C:\\Users\\Lex\\AppData\\Local\\Microsoft\\WindowsApps;C:\\Program Files\\Java\\jdk-9.0.4\\bin;C:\\Program Files\\Java\\jre-9.0.4\\bin;C:\\Program Files\\nodejs\\node_modules\\npm;C:\\Users\\Lex\\AppData\\Roaming\\Composer\\vendor\\bin;C:\\ProgramData\\ComposerSetup\\bin;C:\\Program Files\\MongoDB\\Server\\3.6\\bin;'
    'SystemRoot' => 'C:\\WINDOWS'
    'COMSPEC' => 'C:\\WINDOWS\\system32\\cmd.exe'
    'PATHEXT' => '.COM;.EXE;.BAT;.CMD;.VBS;.VBE;.JS;.JSE;.WSF;.WSH;.MSC'
    'WINDIR' => 'C:\\WINDOWS'
    'SERVER_SIGNATURE' => '<address>Apache/2.4.29 (Win32) OpenSSL/1.1.0g PHP/7.2.3 Server at localhost Port 80</address>
'
    'SERVER_SOFTWARE' => 'Apache/2.4.29 (Win32) OpenSSL/1.1.0g PHP/7.2.3'
    'SERVER_NAME' => 'localhost'
    'SERVER_ADDR' => '::1'
    'SERVER_PORT' => '80'
    'REMOTE_ADDR' => '::1'
    'DOCUMENT_ROOT' => 'C:/xampp/htdocs'
    'REQUEST_SCHEME' => 'http'
    'CONTEXT_PREFIX' => ''
    'CONTEXT_DOCUMENT_ROOT' => 'C:/xampp/htdocs'
    'SERVER_ADMIN' => 'postmaster@localhost'
    'SCRIPT_FILENAME' => 'C:/xampp/htdocs/Yii1_homework/Homework1/web/index.php'
    'REMOTE_PORT' => '57200'
    'GATEWAY_INTERFACE' => 'CGI/1.1'
    'SERVER_PROTOCOL' => 'HTTP/1.1'
    'REQUEST_METHOD' => 'GET'
    'QUERY_STRING' => 'r=task/index'
    'REQUEST_URI' => '/Yii1_homework/Homework1/web/index.php?r=task/index'
    'SCRIPT_NAME' => '/Yii1_homework/Homework1/web/index.php'
    'PHP_SELF' => '/Yii1_homework/Homework1/web/index.php'
    'REQUEST_TIME_FLOAT' => 1527515935.082
    'REQUEST_TIME' => 1527515935
]
